\BOOKMARK [0][-]{chapter*.2}{\376\377\000D\000\351\000d\000i\000c\000a\000c\000e}{}% 1
\BOOKMARK [0][-]{chapter*.3}{\376\377\000R\000e\000m\000e\000r\000c\000i\000e\000m\000e\000n\000t\000s}{}% 2
\BOOKMARK [0][-]{chapter*.4}{\376\377\000R\000\351\000s\000u\000m\000\351}{}% 3
\BOOKMARK [1][-]{section*.5}{}{chapter*.4}% 4
\BOOKMARK [2][-]{section*.5}{}{chapter*.4}% 5
\BOOKMARK [3][-]{section*.6}{}{section*.5}% 6
\BOOKMARK [4][-]{section*.6}{}{section*.5}% 7
\BOOKMARK [4][-]{section*.6}{}{section*.5}% 8
\BOOKMARK [4][-]{section*.6}{}{section*.5}% 9
\BOOKMARK [4][-]{section*.6}{}{section*.5}% 10
\BOOKMARK [0][-]{section*.6}{\376\377\000A\000b\000s\000t\000r\000a\000c\000t}{}% 11
\BOOKMARK [1][-]{section*.7}{}{section*.6}% 12
\BOOKMARK [2][-]{section*.7}{}{section*.6}% 13
\BOOKMARK [3][-]{section*.8}{}{section*.7}% 14
\BOOKMARK [4][-]{section*.8}{}{section*.7}% 15
\BOOKMARK [4][-]{section*.8}{}{section*.7}% 16
\BOOKMARK [4][-]{section*.8}{}{section*.7}% 17
\BOOKMARK [4][-]{section*.8}{}{section*.7}% 18
\BOOKMARK [0][-]{section*.9}{\376\377\000L\000i\000s\000t\000\040\000o\000f\000\040\000F\000i\000g\000u\000r\000e\000s}{}% 19
\BOOKMARK [0][-]{chapter*.10}{\376\377\000L\000i\000s\000t\000e\000\040\000d\000e\000s\000\040\000A\000l\000g\000o\000r\000i\000t\000h\000m\000e\000s}{}% 20
\BOOKMARK [0][-]{chapter*.11}{\376\377\000I\000n\000t\000r\000o\000d\000u\000c\000t\000i\000o\000n}{}% 21
\BOOKMARK [1][-]{section*.12}{}{chapter*.11}% 22
\BOOKMARK [2][-]{section*.12}{}{chapter*.11}% 23
\BOOKMARK [3][-]{section*.13}{}{section*.12}% 24
\BOOKMARK [4][-]{section*.13}{}{section*.12}% 25
\BOOKMARK [4][-]{section*.13}{}{section*.12}% 26
\BOOKMARK [4][-]{section*.13}{}{section*.12}% 27
\BOOKMARK [4][-]{section*.13}{}{section*.12}% 28
\BOOKMARK [4][-]{section*.13}{}{section*.12}% 29
\BOOKMARK [4][-]{section*.13}{}{section*.12}% 30
\BOOKMARK [4][-]{section*.13}{}{section*.12}% 31
\BOOKMARK [4][-]{section*.13}{}{section*.12}% 32
\BOOKMARK [4][-]{section*.13}{}{section*.12}% 33
\BOOKMARK [4][-]{section*.13}{}{section*.12}% 34
\BOOKMARK [4][-]{section*.13}{}{section*.12}% 35
\BOOKMARK [4][-]{section*.13}{}{section*.12}% 36
\BOOKMARK [4][-]{section*.13}{}{section*.12}% 37
\BOOKMARK [4][-]{section*.13}{}{section*.12}% 38
\BOOKMARK [0][-]{chapter.1}{\376\377\000E\000T\000A\000T\000\040\000D\000E\000\040\000L\040\031\000A\000R\000T\000\040\000D\000E\000\040\000I\000D\000E\000N\000T\000I\000F\000I\000C\000A\000T\000I\000O\000N\000\040\000P\000A\000R\000\040\000B\000I\000O\000M\000E\000T\000R\000I\000E\000\040\000V\000O\000C\000A\000L\000E}{}% 39
\BOOKMARK [1][-]{section*.14}{\376\377\000I\000n\000t\000r\000o\000d\000u\000c\000t\000i\000o\000n}{chapter.1}% 40
\BOOKMARK [1][-]{section.1.1}{\376\377\000D\000\351\000f\000i\000n\000i\000t\000i\000o\000n\000s}{chapter.1}% 41
\BOOKMARK [2][-]{subsection.1.1.1}{\376\377\000B\000i\000o\000m\000\351\000t\000r\000i\000e}{section.1.1}% 42
\BOOKMARK [2][-]{subsection.1.1.2}{\376\377\000B\000i\000o\000m\000\351\000t\000r\000i\000e\000\040\000v\000o\000c\000a\000l\000e}{section.1.1}% 43
\BOOKMARK [2][-]{subsection.1.1.3}{\376\377\000I\000d\000e\000n\000t\000i\000f\000i\000c\000a\000t\000i\000o\000n\000\040\000e\000t\000\040\000a\000u\000t\000h\000e\000n\000t\000i\000f\000i\000c\000a\000t\000i\000o\000n\000\040\000b\000i\000o\000m\000\351\000t\000r\000i\000q\000u\000e}{section.1.1}% 44
\BOOKMARK [3][-]{section*.16}{}{subsection.1.1.3}% 45
\BOOKMARK [4][-]{section*.16}{}{subsection.1.1.3}% 46
\BOOKMARK [2][-]{subsection.1.1.4}{\376\377\000D\000e\000e\000p\000\040\000l\000e\000a\000r\000n\000i\000n\000g}{section.1.1}% 47
\BOOKMARK [1][-]{section.1.2}{\376\377\000h\000i\000s\000t\000o\000r\000i\000q\000u\000e\000\040\000d\000e\000\040\000l\000a\000\040\000b\000i\000o\000m\000\351\000t\000r\000i\000e\000\040\000v\000o\000c\000a\000l\000e}{chapter.1}% 48
\BOOKMARK [2][-]{section*.17}{}{section.1.2}% 49
\BOOKMARK [3][-]{section*.17}{}{section.1.2}% 50
\BOOKMARK [4][-]{section*.18}{}{section*.17}% 51
\BOOKMARK [4][-]{section*.18}{}{section*.17}% 52
\BOOKMARK [4][-]{section*.18}{}{section*.17}% 53
\BOOKMARK [4][-]{section*.18}{}{section*.17}% 54
\BOOKMARK [1][-]{section.1.3}{\376\377\000T\000y\000p\000e\000s\000\040\000d\000e\000\040\000r\000e\000c\000o\000n\000n\000a\000i\000s\000s\000a\000n\000c\000e\000s\000\040\000v\000o\000c\000a\000l\000e\000s}{chapter.1}% 55
\BOOKMARK [1][-]{section.1.4}{\376\377\000F\000o\000n\000c\000t\000i\000o\000n\000n\000e\000m\000e\000n\000t}{chapter.1}% 56
\BOOKMARK [1][-]{section.1.5}{\376\377\000c\000a\000s\000\040\000d\040\031\000u\000t\000i\000l\000i\000s\000a\000t\000i\000o\000n\000\040\000d\000e\000\040\000l\000a\000\040\000b\000i\000o\000m\000\351\000t\000r\000i\000e\000\040\000v\000o\000c\000a\000l\000e}{chapter.1}% 57
\BOOKMARK [2][-]{section*.20}{}{section.1.5}% 58
\BOOKMARK [1][-]{section.1.6}{\376\377\000L\000e\000s\000\040\000a\000v\000a\000n\000t\000a\000g\000e\000s\000\040\000d\000e\000\040\000l\000a\000\040\000b\000i\000o\000m\000\351\000t\000r\000i\000e\000\040\000v\000o\000c\000a\000l\000e}{chapter.1}% 59
\BOOKMARK [1][-]{section.1.7}{\376\377\000L\000e\000s\000\040\000i\000n\000c\000o\000n\000v\000e\000n\000i\000n\000e\000n\000t\000s\000\040\000d\000e\000\040\000l\000a\000\040\000b\000i\000o\000m\000\351\000t\000r\000i\000e\000\040\000v\000o\000c\000a\000l\000e}{chapter.1}% 60
\BOOKMARK [1][-]{section.1.8}{\376\377\000A\000p\000p\000r\000e\000n\000t\000t\000i\000s\000s\000a\000g\000e\000\040\000p\000r\000o\000f\000o\000n\000d}{chapter.1}% 61
\BOOKMARK [2][-]{subsection.1.8.1}{\376\377\000N\000o\000t\000i\000o\000n\000\040\000d\040\031\000I\000A}{section.1.8}% 62
\BOOKMARK [3][-]{section*.21}{}{subsection.1.8.1}% 63
\BOOKMARK [4][-]{section*.21}{}{subsection.1.8.1}% 64
\BOOKMARK [4][-]{section*.21}{}{subsection.1.8.1}% 65
\BOOKMARK [2][-]{subsection.1.8.2}{\376\377\000N\000o\000t\000i\000o\000n\000\040\000d\000'\000a\000p\000p\000r\000e\000n\000t\000i\000s\000s\000a\000g\000e\000\040\000a\000u\000t\000o\000m\000a\000t\000i\000q\000u\000e}{section.1.8}% 66
\BOOKMARK [3][-]{section*.23}{}{subsection.1.8.2}% 67
\BOOKMARK [4][-]{section*.23}{}{subsection.1.8.2}% 68
\BOOKMARK [4][-]{section*.23}{}{subsection.1.8.2}% 69
\BOOKMARK [4][-]{section*.23}{}{subsection.1.8.2}% 70
\BOOKMARK [4][-]{section*.23}{}{subsection.1.8.2}% 71
\BOOKMARK [4][-]{figure.caption.24}{}{subsection.1.8.2}% 72
\BOOKMARK [4][-]{figure.caption.24}{}{subsection.1.8.2}% 73
\BOOKMARK [4][-]{figure.caption.24}{}{subsection.1.8.2}% 74
\BOOKMARK [4][-]{figure.caption.24}{}{subsection.1.8.2}% 75
\BOOKMARK [4][-]{figure.caption.24}{}{subsection.1.8.2}% 76
\BOOKMARK [4][-]{figure.caption.24}{}{subsection.1.8.2}% 77
\BOOKMARK [2][-]{subsection.1.8.3}{\376\377\000N\000o\000t\000i\000o\000n\000s\000\040\000d\000e\000\040\000D\000e\000e\000p\000\040\000l\000e\000a\000r\000n\000i\000n\000g}{section.1.8}% 78
\BOOKMARK [3][-]{subsubsection.1.8.3.1}{\376\377\000d\000\351\000f\000i\000n\000i\000t\000i\000o\000n}{subsection.1.8.3}% 79
\BOOKMARK [4][-]{section*.25}{}{subsubsection.1.8.3.1}% 80
\BOOKMARK [4][-]{section*.25}{}{subsubsection.1.8.3.1}% 81
\BOOKMARK [4][-]{section*.25}{}{subsubsection.1.8.3.1}% 82
\BOOKMARK [4][-]{section*.25}{}{subsubsection.1.8.3.1}% 83
\BOOKMARK [4][-]{section*.25}{}{subsubsection.1.8.3.1}% 84
\BOOKMARK [4][-]{figure.caption.26}{}{subsubsection.1.8.3.1}% 85
\BOOKMARK [4][-]{figure.caption.27}{}{subsubsection.1.8.3.1}% 86
\BOOKMARK [3][-]{subsubsection.1.8.3.2}{\376\377\000F\000o\000n\000c\000t\000i\000o\000n\000n\000e\000m\000e\000n\000t}{subsection.1.8.3}% 87
\BOOKMARK [4][-]{section*.28}{}{subsubsection.1.8.3.2}% 88
\BOOKMARK [4][-]{figure.caption.29}{}{subsubsection.1.8.3.2}% 89
\BOOKMARK [4][-]{figure.caption.29}{}{subsubsection.1.8.3.2}% 90
\BOOKMARK [4][-]{figure.caption.29}{}{subsubsection.1.8.3.2}% 91
\BOOKMARK [4][-]{figure.caption.31}{}{subsubsection.1.8.3.2}% 92
\BOOKMARK [4][-]{figure.caption.31}{}{subsubsection.1.8.3.2}% 93
\BOOKMARK [1][-]{section.1.9}{\376\377\000d\000e\000e\000p\000\040\000L\000e\000a\000r\000n\000i\000n\000g\000\040\000p\000o\000u\000r\000\040\000l\000a\000\040\000r\000e\000c\000o\000n\000n\000a\000i\000s\000s\000a\000n\000c\000e\000\040\000v\000o\000c\000a\000l\000e}{chapter.1}% 94
\BOOKMARK [2][-]{section*.32}{}{section.1.9}% 95
\BOOKMARK [3][-]{section*.32}{}{section.1.9}% 96
\BOOKMARK [4][-]{section*.33}{}{section*.32}% 97
\BOOKMARK [2][-]{subsection.1.9.1}{\376\377\000q\000u\000e\000\040\000r\000e\000p\000r\000\351\000s\000e\000n\000t\000e\000n\000t\000\040\000l\000e\000s\000\040\000x\000-\000v\000e\000c\000t\000o\000r\000\040\000d\000a\000n\000s\000\040\000l\000a\000\040\000r\000e\000c\000o\000n\000n\000a\000i\000s\000s\000a\000n\000c\000e\000\040\000v\000o\000c\000a\000l\000e\000?}{section.1.9}% 98
\BOOKMARK [3][-]{section*.34}{}{subsection.1.9.1}% 99
\BOOKMARK [4][-]{section*.34}{}{subsection.1.9.1}% 100
\BOOKMARK [4][-]{section*.34}{}{subsection.1.9.1}% 101
\BOOKMARK [2][-]{subsection.1.9.2}{\376\377\000q\000u\000e\000\040\000r\000e\000p\000r\000\351\000s\000e\000n\000t\000e\000n\000t\000\040\000l\000e\000s\000\040\000D\000N\000N}{section.1.9}% 102
\BOOKMARK [2][-]{subsection.1.9.3}{\376\377\000L\000e\000s\000\040\000E\000C\000A\000P\000A\000-\000T\000D\000N\000N\000\040}{section.1.9}% 103
\BOOKMARK [3][-]{section*.35}{}{subsection.1.9.3}% 104
\BOOKMARK [2][-]{subsection.1.9.4}{\376\377\000L\000e\000s\000\040\000E\000C\000A\000P\000A\000-\000T\000D\000N\000N\000\040}{section.1.9}% 105
\BOOKMARK [3][-]{section*.36}{}{subsection.1.9.4}% 106
\BOOKMARK [1][-]{section.1.10}{\376\377\000L\000e\000s\000\040\000b\000o\000n\000n\000e\000s\000\040\000p\000r\000a\000t\000i\000q\000u\000e\000s\000\040\000e\000n\000\040\000m\000a\000t\000i\000\350\000r\000e\000\040\000d\000e\000\040\000r\000e\000c\000o\000n\000n\000a\000i\000s\000s\000a\000n\000c\000e\000\040\000v\000o\000c\000a\000l\000e}{chapter.1}% 107
\BOOKMARK [2][-]{section*.37}{}{section.1.10}% 108
\BOOKMARK [1][-]{section.1.11}{\376\377\000\300\000\040\000q\000u\000e\000l\000\040\000p\000o\000i\000n\000t\000\040\000l\000a\000\040\000r\000e\000c\000o\000n\000n\000a\000i\000s\000s\000a\000n\000c\000e\000\040\000v\000o\000c\000a\000l\000e\000\040\000e\000s\000t\000-\000e\000l\000l\000e\000\040\000s\000\351\000c\000u\000r\000i\000s\000\351\000e\000\040\000?}{chapter.1}% 109
\BOOKMARK [2][-]{section*.38}{}{section.1.11}% 110
\BOOKMARK [3][-]{section*.38}{}{section.1.11}% 111
\BOOKMARK [4][-]{section*.39}{}{section*.38}% 112
\BOOKMARK [4][-]{section*.39}{}{section*.38}% 113
\BOOKMARK [4][-]{section*.39}{}{section*.38}% 114
\BOOKMARK [1][-]{section*.39}{\376\377\000C\000o\000n\000c\000l\000u\000s\000i\000o\000n}{chapter.1}% 115
\BOOKMARK [2][-]{section*.40}{}{section*.39}% 116
\BOOKMARK [3][-]{section*.40}{}{section*.39}% 117
\BOOKMARK [4][-]{section*.41}{}{section*.40}% 118
\BOOKMARK [4][-]{section*.41}{}{section*.40}% 119
\BOOKMARK [4][-]{section*.41}{}{section*.40}% 120
\BOOKMARK [4][-]{section*.41}{}{section*.40}% 121
\BOOKMARK [4][-]{section*.41}{}{section*.40}% 122
\BOOKMARK [0][-]{chapter.2}{\376\377\000M\000O\000D\000E\000L\000I\000S\000A\000T\000I\000O\000N\000\040\000E\000T\000\040\000L\000E\000\040\000D\000E\000V\000E\000L\000O\000P\000P\000E\000M\000E\000N\000T\000\040\000D\000E\000\040\000N\000O\000T\000R\000E\000\040\000M\000O\000D\000E\000L\000\040\000D\040\031\000I\000A}{}% 123
\BOOKMARK [1][-]{section*.42}{\376\377\000I\000n\000t\000r\000o\000d\000u\000c\000t\000i\000o\000n}{chapter.2}% 124
\BOOKMARK [1][-]{section.2.1}{\376\377\000A\000r\000c\000h\000i\000t\000e\000c\000t\000u\000r\000e\000\040\000d\000u\000\040\000s\000y\000s\000t\000\350\000m\000e}{chapter.2}% 125
\BOOKMARK [1][-]{section.2.2}{\376\377\000M\000a\000t\000\351\000r\000i\000e\000l\000s}{chapter.2}% 126
\BOOKMARK [2][-]{figure.caption.44}{}{section.2.2}% 127
\BOOKMARK [1][-]{section.2.3}{\376\377\000C\000h\000o\000i\000x\000\040\000t\000e\000c\000h\000n\000o\000l\000o\000g\000i\000q\000u\000e}{chapter.2}% 128
\BOOKMARK [2][-]{subsection.2.3.1}{\376\377\000D\000\351\000f\000i\000n\000i\000t\000i\000o\000n\000s\000\040}{section.2.3}% 129
\BOOKMARK [3][-]{section*.45}{}{subsection.2.3.1}% 130
\BOOKMARK [4][-]{section*.45}{}{subsection.2.3.1}% 131
\BOOKMARK [4][-]{section*.45}{}{subsection.2.3.1}% 132
\BOOKMARK [4][-]{section*.45}{}{subsection.2.3.1}% 133
\BOOKMARK [4][-]{section*.45}{}{subsection.2.3.1}% 134
\BOOKMARK [2][-]{subsection.2.3.2}{\376\377\000S\000t\000r\000u\000c\000t\000u\000r\000e\000\040}{section.2.3}% 135
\BOOKMARK [2][-]{subsection.2.3.3}{\376\377\000F\000o\000n\000c\000t\000i\000o\000n\000n\000e\000m\000e\000n\000t\000\040}{section.2.3}% 136
\BOOKMARK [3][-]{section*.47}{}{subsection.2.3.3}% 137
\BOOKMARK [4][-]{section*.47}{}{subsection.2.3.3}% 138
\BOOKMARK [1][-]{section*.47}{\376\377\000C\000o\000n\000c\000l\000u\000s\000i\000o\000n}{chapter.2}% 139
\BOOKMARK [2][-]{section*.48}{}{section*.47}% 140
\BOOKMARK [3][-]{section*.48}{}{section*.47}% 141
\BOOKMARK [0][-]{chapter.3}{\376\377\000M\000A\000T\000E\000R\000I\000E\000L\000S\000\040\000E\000T\000\040\000M\000E\000T\000H\000O\000D\000E\000S}{}% 142
\BOOKMARK [1][-]{section*.49}{\376\377\000I\000n\000t\000r\000o\000d\000u\000c\000t\000i\000o\000n}{chapter.3}% 143
\BOOKMARK [1][-]{section.3.1}{\376\377\000a\000r\000c\000h\000i\000t\000e\000c\000t\000u\000r\000e\000\040\000d\000u\000\040\000s\000y\000s\000t\000\350\000m\000e}{chapter.3}% 144
\BOOKMARK [2][-]{section*.50}{}{section.3.1}% 145
\BOOKMARK [3][-]{section*.50}{}{section.3.1}% 146
\BOOKMARK [4][-]{section*.51}{}{section*.50}% 147
\BOOKMARK [4][-]{section*.51}{}{section*.50}% 148
\BOOKMARK [4][-]{section*.51}{}{section*.50}% 149
\BOOKMARK [4][-]{section*.51}{}{section*.50}% 150
\BOOKMARK [1][-]{section.3.2}{\376\377\000L\000e\000\040\000m\000o\000d\000e\000l}{chapter.3}% 151
\BOOKMARK [2][-]{section*.52}{}{section.3.2}% 152
\BOOKMARK [3][-]{section*.52}{}{section.3.2}% 153
\BOOKMARK [4][-]{section*.53}{}{section*.52}% 154
\BOOKMARK [4][-]{section*.53}{}{section*.52}% 155
\BOOKMARK [4][-]{section*.53}{}{section*.52}% 156
\BOOKMARK [4][-]{figure.caption.54}{}{section*.52}% 157
\BOOKMARK [1][-]{section.3.3}{\376\377\000L\000e\000s\000\040\000d\000o\000n\000n\000\351\000e\000s\000\040\000d\000'\000e\000n\000t\000r\000a\000i\000n\000e\000m\000e\000n\000t}{chapter.3}% 158
\BOOKMARK [2][-]{figure.caption.55}{}{section.3.3}% 159
\BOOKMARK [1][-]{section.3.4}{\376\377\000L\000e\000\040\000c\000o\000d\000e}{chapter.3}% 160
\BOOKMARK [1][-]{section.3.5}{\376\377\000I\000n\000s\000t\000a\000l\000l\000a\000t\000i\000o\000n\000s}{chapter.3}% 161
\BOOKMARK [1][-]{section.3.6}{\376\377\000P\000r\000e\000p\000a\000r\000a\000t\000i\000o\000n\000\040\000d\000e\000s\000\040\000d\000o\000n\000n\000\351\000e\000s}{chapter.3}% 162
\BOOKMARK [1][-]{section.3.7}{\376\377\000E\000n\000t\000r\000a\000i\000n\000e\000m\000e\000n\000t\000\040\000d\000u\000\040\000m\000o\000d\000\350\000l\000e\000\040\000T\000D\000N\000N}{chapter.3}% 163
\BOOKMARK [1][-]{section.3.8}{\376\377\000I\000n\000f\000\351\000r\000e\000n\000c\000e}{chapter.3}% 164
\BOOKMARK [1][-]{section.3.9}{\376\377\000L\000e\000\040\000d\000\351\000v\000e\000l\000o\000p\000p\000e\000m\000e\000n\000t\000\040\000d\000e\000s\000\040\000A\000p\000i\000s}{chapter.3}% 165
\BOOKMARK [1][-]{lstnumber.-3.35}{\376\377\000C\000o\000n\000c\000l\000u\000s\000i\000o\000n}{chapter.3}% 166
\BOOKMARK [0][-]{chapter.4}{\376\377\000R\000\351\000s\000u\000l\000t\000a\000t\000s\000\040\000e\000t\000\040\000d\000i\000s\000c\000u\000s\000s\000i\000o\000n\000s}{}% 167
\BOOKMARK [1][-]{section*.83}{\376\377\000I\000n\000t\000r\000o\000d\000u\000c\000t\000i\000o\000n}{chapter.4}% 168
\BOOKMARK [1][-]{section.4.1}{\376\377\000P\000r\000\351\000s\000e\000n\000t\000a\000t\000i\000o\000n\000\040\000d\000u\000\040\000c\000a\000d\000r\000e\000\040\000d\040\031\000\351\000t\000u\000d\000e}{chapter.4}% 169
\BOOKMARK [1][-]{section.4.2}{\376\377\000R\000\351\000s\000u\000l\000t\000a\000t\000s\000\040\000o\000b\000t\000e\000n\000u\000s}{chapter.4}% 170
\BOOKMARK [2][-]{subsection.4.2.1}{\376\377\000l\000i\000s\000t\000e\000\040\000d\000e\000s\000\040\000l\000o\000c\000u\000t\000e\000u\000r\000s}{section.4.2}% 171
\BOOKMARK [2][-]{subsection.4.2.2}{\376\377\000m\000i\000s\000e\000\040\000\340\000\040\000j\000o\000u\000r\000\040\000d\000u\000\040\000m\000o\000d\000e\000l}{section.4.2}% 172
\BOOKMARK [2][-]{subsection.4.2.3}{\376\377\000I\000d\000e\000n\000t\000i\000f\000i\000c\000a\000t\000i\000o\000n\000\040\000d\000e\000\040\000l\000o\000c\000u\000t\000e\000u\000r}{section.4.2}% 173
\BOOKMARK [2][-]{subsection.4.2.4}{\376\377\000a\000u\000t\000h\000e\000n\000t\000i\000f\000i\000c\000a\000t\000i\000o\000n\000\040\000d\000e\000\040\000l\000o\000c\000u\000t\000e\000u\000r}{section.4.2}% 174
\BOOKMARK [3][-]{figure.caption.88}{}{subsection.4.2.4}% 175
\BOOKMARK [2][-]{subsection.4.2.5}{\376\377\000A\000n\000a\000l\000y\000t\000i\000c\000\040\000d\000e\000s\000\040\000c\000o\000n\000n\000e\000x\000i\000o\000n\000s}{section.4.2}% 176
\BOOKMARK [1][-]{section.4.3}{\376\377\000a\000v\000a\000n\000t\000a\000g\000e\000\040\000d\000e\000\040\000n\000o\000t\000r\000e\000\040\000a\000r\000c\000h\000i\000t\000e\000c\000t\000u\000r\000e}{chapter.4}% 177
\BOOKMARK [1][-]{section.4.4}{\376\377\000L\000e\000s\000\040\000l\000i\000m\000i\000t\000e\000s\000\040\000d\000e\000\040\000n\000o\000t\000r\000e\000\040\000a\000r\000c\000h\000i\000t\000e\000c\000t\000u\000r\000e}{chapter.4}% 178
\BOOKMARK [1][-]{section.4.4}{\376\377\000C\000o\000n\000c\000l\000u\000s\000i\000o\000n}{chapter.4}% 179
\BOOKMARK [0][-]{chapter*.90}{\376\377\000C\000o\000n\000c\000l\000u\000s\000i\000o\000n}{}% 180
\BOOKMARK [1][-]{section*.91}{}{chapter*.90}% 181
\BOOKMARK [2][-]{section*.91}{}{chapter*.90}% 182
\BOOKMARK [3][-]{section*.92}{}{section*.91}% 183
\BOOKMARK [4][-]{section*.92}{}{section*.91}% 184
\BOOKMARK [4][-]{section*.92}{}{section*.91}% 185
\BOOKMARK [4][-]{section*.92}{}{section*.91}% 186
\BOOKMARK [4][-]{section*.92}{}{section*.91}% 187
\BOOKMARK [0][-]{section*.92}{\376\377\000B\000i\000b\000l\000i\000o\000g\000r\000a\000p\000h\000i\000e}{}% 188
\BOOKMARK [0][-]{chapter*.93}{\376\377\000B\000i\000b\000l\000i\000o\000g\000r\000a\000p\000h\000i\000e}{}% 189
\BOOKMARK [0][-]{section*.94}{\376\377\000T\000a\000b\000l\000e\000\040\000d\000e\000s\000\040\000m\000a\000t\000i\000\350\000r\000e\000s}{}% 190
